<?xml version="1.0" encoding="UTF-8"?>
<robot generator="Robot 3.0.2 (Python 3.6.4 on win32)" generated="20180207 23:51:47.184">
<suite id="s1" name="Teamit" source="C:\development\git-demo2\tests\teamit.robot">
<test id="s1-t1" name="Logged out user can search for 00001">
<kw name="Begin Web Test" library="Common" type="setup">
<kw name="Open Browser" library="Selenium2Library">
<doc>Opens a new browser instance to the given ``url``.</doc>
<arguments>
<arg>about:blank</arg>
<arg>ie</arg>
</arguments>
<msg timestamp="20180207 23:51:47.774" level="INFO">Opening browser 'ie' to base url 'about:blank'.</msg>
<status status="PASS" starttime="20180207 23:51:47.774" endtime="20180207 23:51:54.266"></status>
</kw>
<status status="PASS" starttime="20180207 23:51:47.774" endtime="20180207 23:51:54.266"></status>
</kw>
<kw name="Search for Item1" library="TeamitGen">
<kw name="Load" library="LandingPage">
<kw name="Go To" library="Selenium2Library">
<doc>Navigates the active browser instance to the provided ``url``.</doc>
<arguments>
<arg>http://teamit.fi</arg>
</arguments>
<msg timestamp="20180207 23:51:54.266" level="INFO">Opening url 'http://teamit.fi'</msg>
<status status="PASS" starttime="20180207 23:51:54.266" endtime="20180207 23:51:55.152"></status>
</kw>
<status status="PASS" starttime="20180207 23:51:54.266" endtime="20180207 23:51:55.152"></status>
</kw>
<kw name="Verify Page Loaded" library="LandingPage">
<kw name="Wait Until Page Contains" library="Selenium2Library">
<doc>Waits until ``text`` appears on current page.</doc>
<arguments>
<arg>Teamit</arg>
</arguments>
<status status="PASS" starttime="20180207 23:51:55.152" endtime="20180207 23:51:55.622"></status>
</kw>
<status status="PASS" starttime="20180207 23:51:55.152" endtime="20180207 23:51:55.622"></status>
</kw>
<kw name="Enter Blogi Page" library="TopNav">
<kw name="Click Link" library="Selenium2Library">
<doc>Clicks a link identified by ``locator``.</doc>
<arguments>
<arg>Blogi</arg>
</arguments>
<msg timestamp="20180207 23:51:55.622" level="INFO">Clicking link 'Blogi'.</msg>
<status status="PASS" starttime="20180207 23:51:55.622" endtime="20180207 23:51:57.789"></status>
</kw>
<status status="PASS" starttime="20180207 23:51:55.622" endtime="20180207 23:51:57.790"></status>
</kw>
<kw name="Verify Blogi Page Loaded" library="TopNav">
<kw name="Wait Until Page Contains" library="Selenium2Library">
<doc>Waits until ``text`` appears on current page.</doc>
<arguments>
<arg>Ajankohtaista</arg>
</arguments>
<status status="PASS" starttime="20180207 23:51:57.790" endtime="20180207 23:51:57.942"></status>
</kw>
<status status="PASS" starttime="20180207 23:51:57.790" endtime="20180207 23:51:57.942"></status>
</kw>
<status status="PASS" starttime="20180207 23:51:54.266" endtime="20180207 23:51:57.942"></status>
</kw>
<kw name="Log" library="BuiltIn">
<doc>Logs the given message with the given level.</doc>
<arguments>
<arg>doing part 1</arg>
</arguments>
<msg timestamp="20180207 23:51:57.942" level="INFO">doing part 1</msg>
<status status="PASS" starttime="20180207 23:51:57.942" endtime="20180207 23:51:57.942"></status>
</kw>
<kw name="End Web Test" library="Common" type="teardown">
<kw name="Close Browser" library="Selenium2Library">
<doc>Closes the current browser.</doc>
<status status="PASS" starttime="20180207 23:51:57.942" endtime="20180207 23:52:00.980"></status>
</kw>
<status status="PASS" starttime="20180207 23:51:57.942" endtime="20180207 23:52:00.980"></status>
</kw>
<tags>
<tag>Smoke Run case number 1</tag>
</tags>
<status status="PASS" starttime="20180207 23:51:47.774" endtime="20180207 23:52:00.980" critical="yes"></status>
</test>
<test id="s1-t2" name="Logged out user can search for 00002">
<kw name="Begin Web Test" library="Common" type="setup">
<kw name="Open Browser" library="Selenium2Library">
<doc>Opens a new browser instance to the given ``url``.</doc>
<arguments>
<arg>about:blank</arg>
<arg>ie</arg>
</arguments>
<msg timestamp="20180207 23:52:00.980" level="INFO">Opening browser 'ie' to base url 'about:blank'.</msg>
<status status="PASS" starttime="20180207 23:52:00.980" endtime="20180207 23:52:06.028"></status>
</kw>
<status status="PASS" starttime="20180207 23:52:00.980" endtime="20180207 23:52:06.028"></status>
</kw>
<kw name="Search for Item2" library="TeamitGen">
<kw name="Load" library="LandingPage">
<kw name="Go To" library="Selenium2Library">
<doc>Navigates the active browser instance to the provided ``url``.</doc>
<arguments>
<arg>http://teamit.fi</arg>
</arguments>
<msg timestamp="20180207 23:52:06.028" level="INFO">Opening url 'http://teamit.fi'</msg>
<status status="PASS" starttime="20180207 23:52:06.028" endtime="20180207 23:52:06.782"></status>
</kw>
<status status="PASS" starttime="20180207 23:52:06.028" endtime="20180207 23:52:06.782"></status>
</kw>
<kw name="Verify Page Loaded" library="LandingPage">
<kw name="Wait Until Page Contains" library="Selenium2Library">
<doc>Waits until ``text`` appears on current page.</doc>
<arguments>
<arg>Teamit</arg>
</arguments>
<status status="PASS" starttime="20180207 23:52:06.782" endtime="20180207 23:52:07.315"></status>
</kw>
<status status="PASS" starttime="20180207 23:52:06.782" endtime="20180207 23:52:07.315"></status>
</kw>
<kw name="Enter Contacts Page" library="TopNav">
<kw name="Click Link" library="Selenium2Library">
<doc>Clicks a link identified by ``locator``.</doc>
<arguments>
<arg>Ota yhteyttä</arg>
</arguments>
<msg timestamp="20180207 23:52:07.315" level="INFO">Clicking link 'Ota yhteyttä'.</msg>
<status status="PASS" starttime="20180207 23:52:07.315" endtime="20180207 23:52:09.459"></status>
</kw>
<status status="PASS" starttime="20180207 23:52:07.315" endtime="20180207 23:52:09.459"></status>
</kw>
<kw name="Verify Contacts Page Loaded" library="TopNav">
<kw name="Wait Until Page Contains" library="Selenium2Library">
<doc>Waits until ``text`` appears on current page.</doc>
<arguments>
<arg>Ota yhteyttä</arg>
</arguments>
<status status="PASS" starttime="20180207 23:52:09.459" endtime="20180207 23:52:09.706"></status>
</kw>
<status status="PASS" starttime="20180207 23:52:09.459" endtime="20180207 23:52:09.706"></status>
</kw>
<status status="PASS" starttime="20180207 23:52:06.028" endtime="20180207 23:52:09.706"></status>
</kw>
<kw name="Log" library="BuiltIn">
<doc>Logs the given message with the given level.</doc>
<arguments>
<arg>doing feature 1</arg>
</arguments>
<msg timestamp="20180207 23:52:09.706" level="INFO">doing feature 1</msg>
<status status="PASS" starttime="20180207 23:52:09.706" endtime="20180207 23:52:09.706"></status>
</kw>
<kw name="End Web Test" library="Common" type="teardown">
<kw name="Close Browser" library="Selenium2Library">
<doc>Closes the current browser.</doc>
<status status="PASS" starttime="20180207 23:52:09.706" endtime="20180207 23:52:12.755"></status>
</kw>
<status status="PASS" starttime="20180207 23:52:09.706" endtime="20180207 23:52:12.756"></status>
</kw>
<status status="PASS" starttime="20180207 23:52:00.980" endtime="20180207 23:52:12.756" critical="yes"></status>
</test>
<doc>This is some basic info about the whole suite</doc>
<status status="PASS" starttime="20180207 23:51:47.187" endtime="20180207 23:52:12.758"></status>
</suite>
<statistics>
<total>
<stat pass="2" fail="0">Critical Tests</stat>
<stat pass="2" fail="0">All Tests</stat>
</total>
<tag>
<stat pass="1" fail="0">Smoke Run case number 1</stat>
</tag>
<suite>
<stat pass="2" fail="0" id="s1" name="Teamit">Teamit</stat>
</suite>
</statistics>
<errors>
<msg timestamp="20180207 23:51:47.177" level="ERROR">Error in file 'C:\development\git-demo2\tests\teamit.robot': Invalid syntax in test case 'Logged out user can search for 00002': Setting '[Tags]' used multiple times.</msg>
<msg timestamp="20180207 23:51:47.178" level="ERROR">Error in file 'C:\development\git-demo2\tests\teamit.robot': Invalid syntax in test case 'Logged out user can search for 00002': Setting '[Tags]' used multiple times.</msg>
</errors>
</robot>
